2022-02-19 20:17:14 [scrapy.utils.log] INFO: Scrapy 2.5.1 started (bot: pgscrapy)
2022-02-19 20:17:14 [scrapy.utils.log] INFO: Versions: lxml 4.7.1.0, libxml2 2.9.12, cssselect 1.1.0, parsel 1.6.0, w3lib 1.22.0, Twisted 22.1.0, Python 3.9.10 | packaged by conda-forge | (main, Feb  1 2022, 21:27:48) - [Clang 11.1.0 ], pyOpenSSL 22.0.0 (OpenSSL 1.1.1m  14 Dec 2021), cryptography 36.0.1, Platform macOS-12.1-x86_64-i386-64bit
2022-02-19 20:17:14 [scrapy.utils.log] DEBUG: Using reactor: twisted.internet.selectreactor.SelectReactor
2022-02-19 20:17:14 [scrapy.crawler] INFO: Overridden settings:
{'BOT_NAME': 'pgscrapy',
 'COMPRESSION_ENABLED': False,
 'CONCURRENT_REQUESTS_PER_DOMAIN': 1,
 'COOKIES_ENABLED': False,
 'DOWNLOAD_DELAY': 3,
 'HTTPCACHE_ENABLED': True,
 'LOG_FILE': '73ab0bc1_pgspider.log',
 'NEWSPIDER_MODULE': 'pgscrapy.spiders',
 'RETRY_HTTP_CODES': [500, 502, 503, 504, 522, 524, 408, 429, 400],
 'SPIDER_MODULES': ['pgscrapy.spiders']}
2022-02-19 20:17:14 [scrapy.extensions.telnet] INFO: Telnet Password: 943c8308ba91164b
2022-02-19 20:17:14 [py.warnings] WARNING: /Users/jianhuang/opt/anaconda3/envs/Data35/lib/python3.9/site-packages/scrapy/extensions/feedexport.py:247: ScrapyDeprecationWarning: The `FEED_URI` and `FEED_FORMAT` settings have been deprecated in favor of the `FEEDS` setting. Please see the `FEEDS` setting docs for more details
  exporter = cls(crawler)

2022-02-19 20:17:14 [scrapy.middleware] INFO: Enabled extensions:
['scrapy.extensions.corestats.CoreStats',
 'scrapy.extensions.telnet.TelnetConsole',
 'scrapy.extensions.memusage.MemoryUsage',
 'scrapy.extensions.feedexport.FeedExporter',
 'scrapy.extensions.logstats.LogStats']
2022-02-19 20:17:15 [asyncio] DEBUG: Using selector: KqueueSelector
2022-02-19 20:17:16 [scrapy_user_agents.user_agent_picker] WARNING: [UnsupportedBrowserType] Family: Android
2022-02-19 20:17:16 [scrapy_user_agents.user_agent_picker] WARNING: [UnsupportedDeviceType] Family: Other, Brand: None, Model: None
2022-02-19 20:17:16 [scrapy_user_agents.user_agent_picker] WARNING: [UnsupportedDeviceType] Family: Other, Brand: None, Model: None
2022-02-19 20:17:16 [scrapy_user_agents.user_agent_picker] WARNING: [UnsupportedDeviceType] Family: Other, Brand: None, Model: None
2022-02-19 20:17:16 [scrapy_user_agents.user_agent_picker] WARNING: [UnsupportedDeviceType] Family: Sony BDV13, Brand: Sony, Model: BDV13
2022-02-19 20:17:16 [scrapy_user_agents.user_agent_picker] WARNING: [UnsupportedDeviceType] Family: Nintendo DSi, Brand: Nintendo, Model: DSi
2022-02-19 20:17:16 [scrapy_user_agents.user_agent_picker] WARNING: [UnsupportedDeviceType] Family: Other, Brand: None, Model: None
2022-02-19 20:17:16 [scrapy_user_agents.user_agent_picker] WARNING: [UnsupportedBrowserType] Family: Other
2022-02-19 20:17:16 [scrapy_user_agents.user_agent_picker] WARNING: [UnsupportedDeviceType] Family: LYF F90M, Brand: LYF, Model: F90M
2022-02-19 20:17:16 [scrapy_user_agents.user_agent_picker] WARNING: [UnsupportedDeviceType] Family: Sony BDV14, Brand: Sony, Model: BDV14
2022-02-19 20:17:16 [scrapy_user_agents.user_agent_picker] WARNING: [UnsupportedDeviceType] Family: LG Web0S SmartTV, Brand: LG, Model: Web0S SmartTV
2022-02-19 20:17:16 [scrapy_user_agents.user_agent_picker] WARNING: [UnsupportedDeviceType] Family: Other, Brand: None, Model: None
2022-02-19 20:17:17 [scrapy_user_agents.user_agent_picker] WARNING: [UnsupportedDeviceType] Family: Other, Brand: None, Model: None
2022-02-19 20:17:17 [scrapy_user_agents.user_agent_picker] WARNING: [UnsupportedDeviceType] Family: Other, Brand: None, Model: None
2022-02-19 20:17:17 [scrapy_user_agents.user_agent_picker] WARNING: [UnsupportedDeviceType] Family: Other, Brand: None, Model: None
2022-02-19 20:17:17 [scrapy_user_agents.user_agent_picker] WARNING: [UnsupportedDeviceType] Family: Other, Brand: None, Model: None
2022-02-19 20:17:17 [scrapy_user_agents.user_agent_picker] WARNING: [UnsupportedDeviceType] Family: Other, Brand: None, Model: None
2022-02-19 20:17:17 [scrapy_user_agents.user_agent_picker] WARNING: [UnsupportedDeviceType] Family: Other, Brand: None, Model: None
2022-02-19 20:17:17 [scrapy_user_agents.user_agent_picker] WARNING: [UnsupportedDeviceType] Family: Sony BDV11, Brand: Sony, Model: BDV11
2022-02-19 20:17:17 [scrapy_user_agents.user_agent_picker] WARNING: [UnsupportedDeviceType] Family: Other, Brand: None, Model: None
2022-02-19 20:17:17 [scrapy_user_agents.user_agent_picker] WARNING: [UnsupportedDeviceType] Family: Other, Brand: None, Model: None
2022-02-19 20:17:17 [scrapy_user_agents.user_agent_picker] WARNING: [UnsupportedDeviceType] Family: Other, Brand: None, Model: None
2022-02-19 20:17:17 [scrapy_user_agents.user_agent_picker] WARNING: [UnsupportedDeviceType] Family: Other, Brand: None, Model: None
2022-02-19 20:17:17 [scrapy_user_agents.user_agent_picker] WARNING: [UnsupportedDeviceType] Family: Nintendo DSi, Brand: Nintendo, Model: DSi
2022-02-19 20:17:17 [scrapy_user_agents.user_agent_picker] WARNING: [UnsupportedDeviceType] Family: LYF LF-2403N, Brand: LYF, Model: LF-2403N
2022-02-19 20:17:17 [scrapy_user_agents.user_agent_picker] WARNING: [UnsupportedDeviceType] Family: LYF F90M, Brand: LYF, Model: F90M
2022-02-19 20:17:17 [scrapy_user_agents.user_agent_picker] WARNING: [UnsupportedDeviceType] Family: Other, Brand: None, Model: None
2022-02-19 20:17:17 [scrapy_user_agents.user_agent_picker] WARNING: [UnsupportedDeviceType] Family: Other, Brand: None, Model: None
2022-02-19 20:17:17 [scrapy_user_agents.user_agent_picker] WARNING: [UnsupportedBrowserType] Family: Applebot
2022-02-19 20:17:18 [scrapy_user_agents.user_agent_picker] WARNING: [UnsupportedDeviceType] Family: Other, Brand: None, Model: None
2022-02-19 20:17:18 [scrapy_user_agents.user_agent_picker] WARNING: [UnsupportedBrowserType] Family: Applebot
2022-02-19 20:17:18 [scrapy_user_agents.user_agent_picker] WARNING: [UnsupportedBrowserType] Family: Other
2022-02-19 20:17:18 [scrapy_user_agents.user_agent_picker] WARNING: [UnsupportedBrowserType] Family: Other
2022-02-19 20:17:18 [scrapy_user_agents.user_agent_picker] WARNING: [UnsupportedBrowserType] Family: PhantomJS
2022-02-19 20:17:18 [scrapy_user_agents.user_agent_picker] WARNING: [UnsupportedBrowserType] Family: SMTBot
2022-02-19 20:17:18 [scrapy_user_agents.user_agent_picker] WARNING: [UnsupportedBrowserType] Family: PhantomJS
2022-02-19 20:17:18 [scrapy_user_agents.user_agent_picker] WARNING: [UnsupportedBrowserType] Family: PhantomJS
2022-02-19 20:17:18 [scrapy_user_agents.user_agent_picker] WARNING: [UnsupportedBrowserType] Family: WebKit Nightly
2022-02-19 20:17:18 [scrapy_user_agents.user_agent_picker] WARNING: [UnsupportedBrowserType] Family: PhantomJS
2022-02-19 20:17:18 [scrapy_user_agents.user_agent_picker] WARNING: [UnsupportedDeviceType] Family: Other, Brand: None, Model: None
2022-02-19 20:17:18 [scrapy_user_agents.user_agent_picker] WARNING: [UnsupportedBrowserType] Family: PhantomJS
2022-02-19 20:17:18 [scrapy_user_agents.user_agent_picker] WARNING: [UnsupportedBrowserType] Family: PhantomJS
2022-02-19 20:17:18 [scrapy_user_agents.user_agent_picker] WARNING: [UnsupportedBrowserType] Family: Robot
2022-02-19 20:17:18 [scrapy_user_agents.user_agent_picker] WARNING: [UnsupportedDeviceType] Family: Other, Brand: None, Model: None
2022-02-19 20:17:19 [scrapy_user_agents.user_agent_picker] WARNING: [UnsupportedBrowserType] Family: Zune
2022-02-19 20:17:19 [scrapy.middleware] INFO: Enabled downloader middlewares:
['scrapy.downloadermiddlewares.httpauth.HttpAuthMiddleware',
 'pgscrapy.middlewares.PgWebScrapingJSDownloaderMiddleware',
 'scrapy.downloadermiddlewares.downloadtimeout.DownloadTimeoutMiddleware',
 'scrapy.downloadermiddlewares.defaultheaders.DefaultHeadersMiddleware',
 'scrapy_user_agents.middlewares.RandomUserAgentMiddleware',
 'scrapy.downloadermiddlewares.retry.RetryMiddleware',
 'scrapy.downloadermiddlewares.redirect.MetaRefreshMiddleware',
 'scrapy.downloadermiddlewares.redirect.RedirectMiddleware',
 'scrapy.downloadermiddlewares.httpproxy.HttpProxyMiddleware',
 'scrapy.downloadermiddlewares.stats.DownloaderStats',
 'scrapy.downloadermiddlewares.httpcache.HttpCacheMiddleware']
2022-02-19 20:17:19 [scrapy.middleware] INFO: Enabled spider middlewares:
['scrapy.spidermiddlewares.httperror.HttpErrorMiddleware',
 'scrapy.spidermiddlewares.offsite.OffsiteMiddleware',
 'scrapy.spidermiddlewares.referer.RefererMiddleware',
 'scrapy.spidermiddlewares.urllength.UrlLengthMiddleware',
 'scrapy.spidermiddlewares.depth.DepthMiddleware']
2022-02-19 20:17:19 [scrapy.middleware] INFO: Enabled item pipelines:
[]
2022-02-19 20:17:19 [scrapy.core.engine] INFO: Spider opened
2022-02-19 20:17:19 [scrapy.extensions.logstats] INFO: Crawled 0 pages (at 0 pages/min), scraped 0 items (at 0 items/min)
2022-02-19 20:17:19 [pgsiders] INFO: Spider opened: pgsiders
2022-02-19 20:17:19 [scrapy.extensions.httpcache] DEBUG: Using filesystem cache storage in /Users/jianhuang/opt/anaconda3/envs/Data35/Data26/WebScraping2/pgscrapy/.scrapy/httpcache
2022-02-19 20:17:19 [scrapy.extensions.telnet] INFO: Telnet console listening on 127.0.0.1:6023
2022-02-19 20:17:27 [scrapy.core.engine] DEBUG: Crawled (200) <GET https://www.paniniamerica.net/blockchain/public-auctions?sport=Basketball> (referer: None)
2022-02-19 20:17:27 [scrapy.core.scraper] DEBUG: Scraped from <200 http://ok>
{'buy_now': '$ 26.00',
 'buy_now_text': 'Buy Now',
 'card_set': 'BC 2021 Donruss- Night Moves',
 'crypto_icon': '/./images/crypto-icon.c16fa6d1fb08aa07e8cce2ced56729d7.png',
 'current_bid': '$ 25.00',
 'current_bid_text': 'Current Bid',
 'day': '0',
 'end_in': 'Ends in',
 'hour': '23',
 'icon': '',
 'image_url': 'https://assets.paniniamerica.net/catalog/product/pack/209/019A_68187_0004F4_BC2202Mov_BC_3_500.png',
 'link': '/packcard-1579_289875_7235074_19__3_500.html',
 'minute': '53',
 'player_name': 'Kyle Pitts',
 'rarity': 'Uncommon',
 'second': '34',
 'serial_number': '[3/500]'}
2022-02-19 20:17:27 [scrapy.core.scraper] DEBUG: Scraped from <200 http://ok>
{'buy_now': '$ 34.00',
 'buy_now_text': 'Buy Now',
 'card_set': 'BC 2021 Mosaic- Base Mosaic Genesis',
 'crypto_icon': '/./images/crypto-icon.c16fa6d1fb08aa07e8cce2ced56729d7.png',
 'current_bid': '$ 23.00',
 'current_bid_text': 'Current Bid',
 'day': '2',
 'end_in': 'Ends in',
 'hour': '23',
 'icon': '',
 'image_url': 'https://assets.paniniamerica.net/catalog/product/pack/212/049A_68183_0004F1_BC2202Bas_BC_4_3_10.png',
 'link': '/packcard-1579_289872_7233389_49__3_10.html',
 'minute': '53',
 'player_name': 'Tee Higgins',
 'rarity': 'Epic',
 'second': '20',
 'serial_number': '[3/10]'}
2022-02-19 20:17:27 [scrapy.core.scraper] DEBUG: Scraped from <200 http://ok>
{'buy_now': '$ 46.00',
 'buy_now_text': 'Buy Now',
 'card_set': 'BC 2021 Mosaic- Base Mosaic Peacock',
 'crypto_icon': '/./images/crypto-icon.c16fa6d1fb08aa07e8cce2ced56729d7.png',
 'current_bid': '$ 45.00',
 'current_bid_text': 'Current Bid',
 'day': '0',
 'end_in': 'Ends in',
 'hour': '23',
 'icon': '',
 'image_url': 'https://assets.paniniamerica.net/catalog/product/pack/315/034A_68183_0004F1_BC2202Bas_BC_9_1_62.png',
 'link': '/packcard-1579_318438_7983895_34__1_62.html',
 'minute': '52',
 'player_name': 'Jake Plummer',
 'rarity': 'Rare',
 'second': '53',
 'serial_number': '[1/62]'}
2022-02-19 20:17:27 [scrapy.core.scraper] DEBUG: Scraped from <200 http://ok>
{'buy_now': '$ 5.00',
 'buy_now_text': 'Buy Now',
 'card_set': 'BC 2021 Mosaic- Base Mosaic Reactive Orange',
 'crypto_icon': '/./images/crypto-icon.c16fa6d1fb08aa07e8cce2ced56729d7.png',
 'current_bid': '$ 3.00',
 'current_bid_text': 'Current Bid',
 'day': '0',
 'end_in': 'Ends in',
 'hour': '23',
 'icon': '',
 'image_url': 'https://assets.paniniamerica.net/catalog/product/pack/212/006A_68183_0004F1_BC2202Bas_BC_7_4_299.png',
 'link': '/packcard-1579_299967_7663533_6__4_299.html',
 'minute': '45',
 'player_name': 'Clyde Edwards-Helaire',
 'rarity': 'Uncommon',
 'second': '56',
 'serial_number': '[4/299]'}
2022-02-19 20:17:27 [scrapy.core.scraper] DEBUG: Scraped from <200 http://ok>
{'buy_now': '$ 8.00',
 'buy_now_text': 'Buy Now',
 'card_set': 'BC 2021 Mosaic- Base Mosaic Reactive Orange',
 'crypto_icon': '/./images/crypto-icon.c16fa6d1fb08aa07e8cce2ced56729d7.png',
 'current_bid': '$ 7.00',
 'current_bid_text': 'Current Bid',
 'day': '0',
 'end_in': 'Ends in',
 'hour': '23',
 'icon': '',
 'image_url': 'https://assets.paniniamerica.net/catalog/product/pack/212/165A_68184_0004F2_BC2202Bas_BC_7_8_299.png',
 'link': '/packcard-1579_299967_7663690_165__8_299.html',
 'minute': '45',
 'player_name': 'Fletcher Cox',
 'rarity': 'Uncommon',
 'second': '45',
 'serial_number': '[8/299]'}
2022-02-19 20:17:27 [scrapy.core.scraper] DEBUG: Scraped from <200 http://ok>
{'buy_now': '$ 15.00',
 'buy_now_text': 'Buy Now',
 'card_set': 'BC 2021 Mosaic- Base Mosaic Peacock',
 'crypto_icon': '/./images/crypto-icon.c16fa6d1fb08aa07e8cce2ced56729d7.png',
 'current_bid': '$ 14.00',
 'current_bid_text': 'Current Bid',
 'day': '0',
 'end_in': 'Ends in',
 'hour': '23',
 'icon': '',
 'image_url': 'https://assets.paniniamerica.net/catalog/product/pack/315/016A_68183_0004F1_BC2202Bas_BC_9_10_62.png',
 'link': '/packcard-1579_318438_7983714_16__10_62.html',
 'minute': '44',
 'player_name': 'Calvin Ridley',
 'rarity': 'Rare',
 'second': '38',
 'serial_number': '[10/62]'}
2022-02-19 20:17:27 [scrapy.core.scraper] DEBUG: Scraped from <200 http://ok>
{'buy_now': '$ 50.00',
 'buy_now_text': 'Buy Now',
 'card_set': 'BC 2021 Mosaic- Base Mosaic Genesis',
 'crypto_icon': '/./images/crypto-icon.c16fa6d1fb08aa07e8cce2ced56729d7.png',
 'current_bid': '$ 30.00',
 'current_bid_text': 'Current Bid',
 'day': '0',
 'end_in': 'Ends in',
 'hour': '23',
 'icon': '',
 'image_url': 'https://assets.paniniamerica.net/catalog/product/pack/212/142A_68184_0004F2_BC2202Bas_BC_4_4_10.png',
 'link': '/packcard-1579_289872_7233482_142__4_10.html',
 'minute': '43',
 'player_name': 'Taysom Hill',
 'rarity': 'Epic',
 'second': '20',
 'serial_number': '[4/10]'}
2022-02-19 20:17:27 [scrapy.core.scraper] DEBUG: Scraped from <200 http://ok>
{'buy_now': '$ 80.00',
 'buy_now_text': 'Buy Now',
 'card_set': 'BC 2021 Mosaic- Base Mosaic Genesis',
 'crypto_icon': '/./images/crypto-icon.c16fa6d1fb08aa07e8cce2ced56729d7.png',
 'current_bid': '$ 50.00',
 'current_bid_text': 'Current Bid',
 'day': '0',
 'end_in': 'Ends in',
 'hour': '23',
 'icon': '',
 'image_url': 'https://assets.paniniamerica.net/catalog/product/pack/212/071A_68183_0004F1_BC2202Bas_BC_4_3_10.png',
 'link': '/packcard-1579_289872_7233411_71__3_10.html',
 'minute': '33',
 'player_name': 'Von Miller',
 'rarity': 'Epic',
 'second': '42',
 'serial_number': '[3/10]'}
2022-02-19 20:17:27 [scrapy.core.scraper] DEBUG: Scraped from <200 http://ok>
{'buy_now': '$ 10.00',
 'buy_now_text': 'Buy Now',
 'card_set': 'BC 2021 Mosaic- Base Mosaic Reactive Blue',
 'crypto_icon': '/./images/crypto-icon.c16fa6d1fb08aa07e8cce2ced56729d7.png',
 'current_bid': '$ 5.00',
 'current_bid_text': 'Current Bid',
 'day': '0',
 'end_in': 'Ends in',
 'hour': '23',
 'icon': '',
 'image_url': 'https://assets.paniniamerica.net/catalog/product/pack/315/334A_68769_0004F3_BC2202Roo_BC_8_9_310.png',
 'link': '/packcard-1579_318437_7984228_334__9_310.html',
 'minute': '31',
 'player_name': 'Kene Nwangwu',
 'rarity': 'Uncommon',
 'second': '41',
 'serial_number': '[9/310]'}
2022-02-19 20:17:27 [scrapy.core.scraper] DEBUG: Scraped from <200 http://ok>
{'buy_now': '$ 30.00',
 'buy_now_text': 'Buy Now',
 'card_set': 'BC 2021 Mosaic- Base Mosaic Genesis',
 'crypto_icon': '/./images/crypto-icon.c16fa6d1fb08aa07e8cce2ced56729d7.png',
 'current_bid': '$ 29.00',
 'current_bid_text': 'Current Bid',
 'day': '0',
 'end_in': 'Ends in',
 'hour': '23',
 'icon': '',
 'image_url': 'https://assets.paniniamerica.net/catalog/product/pack/212/176A_68184_0004F2_BC2202Bas_BC_4_8_10.png',
 'link': '/packcard-1579_289872_7233516_176__8_10.html',
 'minute': '27',
 'player_name': 'George Kittle',
 'rarity': 'Epic',
 'second': '13',
 'serial_number': '[8/10]'}
2022-02-19 20:17:27 [scrapy.core.scraper] DEBUG: Scraped from <200 http://ok>
{'buy_now': '$ 10.00',
 'buy_now_text': 'Current Bid',
 'card_set': 'Dalvin Cook',
 'crypto_icon': 'Buy Now',
 'current_bid': 'BC 2021 Mosaic- Base Mosaic Red',
 'current_bid_text': '[9/99]',
 'day': '0',
 'end_in': 'Ends in',
 'hour': '23',
 'icon': '',
 'image_url': '1',
 'link': '/packcard-1579_289871_7234072_131__9_99.html',
 'minute': '26',
 'player_name': 'Bid',
 'rarity': '$ 25.00',
 'second': '38',
 'serial_number': 'https://assets.paniniamerica.net/catalog/product/pack/210/131A_68184_0004F2_BC2202Bas_BC_3_9_99.png'}
2022-02-19 20:17:27 [scrapy.core.scraper] DEBUG: Scraped from <200 http://ok>
{'buy_now': '$ 300.00',
 'buy_now_text': 'Buy Now',
 'card_set': 'BC 2021 Mosaic- Base Mosaic Genesis',
 'crypto_icon': '/./images/crypto-icon.c16fa6d1fb08aa07e8cce2ced56729d7.png',
 'current_bid': '$ 150.00',
 'current_bid_text': 'Current Bid',
 'day': '0',
 'end_in': 'Ends in',
 'hour': '23',
 'icon': '',
 'image_url': 'https://assets.paniniamerica.net/catalog/product/pack/212/312A_68769_0004F3_BC2202Roo_BC_4_10_10.png',
 'link': '/packcard-1579_294620_7463095_312__10_10.html',
 'minute': '25',
 'player_name': 'Kadarius Toney',
 'rarity': 'Epic',
 'second': '11',
 'serial_number': '[10/10]'}
2022-02-19 20:17:27 [scrapy.core.scraper] DEBUG: Scraped from <200 http://ok>
{'buy_now': '$ 500.00',
 'buy_now_text': 'Buy Now',
 'card_set': 'BC Rookie Material Signatures RPS Holo Gold',
 'crypto_icon': '/./images/crypto-icon.c16fa6d1fb08aa07e8cce2ced56729d7.png',
 'current_bid': '$ 499.00',
 'current_bid_text': 'Current Bid',
 'day': '0',
 'end_in': 'Ends in',
 'hour': '23',
 'icon': '',
 'image_url': 'https://assets.paniniamerica.net/catalog/product/0/1/018a_61388_1093f6_bcrroorps_bc_21_dhnupz5k2c2rgw08.png',
 'link': '/2020-playoff-national-treasures-football-bc-rookie-material-signatures-rps-holo-gold-18-jonathan-taylor-3-5.html',
 'minute': '24',
 'player_name': 'Jonathan Taylor',
 'rarity': 'Epic',
 'second': '30',
 'serial_number': '[3/5]'}
2022-02-19 20:17:27 [scrapy.core.scraper] DEBUG: Scraped from <200 http://ok>
{'buy_now': '$ 300.00',
 'buy_now_text': 'Buy Now',
 'card_set': 'BC 2021 Mosaic- Base Mosaic Genesis',
 'crypto_icon': '/./images/crypto-icon.c16fa6d1fb08aa07e8cce2ced56729d7.png',
 'current_bid': '$ 150.00',
 'current_bid_text': 'Current Bid',
 'day': '0',
 'end_in': 'Ends in',
 'hour': '23',
 'icon': '',
 'image_url': 'https://assets.paniniamerica.net/catalog/product/pack/212/062A_68183_0004F1_BC2202Bas_BC_4_4_10.png',
 'link': '/packcard-1579_289872_7233402_62__4_10.html',
 'minute': '24',
 'player_name': 'CeeDee Lamb',
 'rarity': 'Epic',
 'second': '27',
 'serial_number': '[4/10]'}
2022-02-19 20:17:27 [scrapy.core.scraper] DEBUG: Scraped from <200 http://ok>
{'buy_now': '$ 1,000.00',
 'buy_now_text': 'Buy Now',
 'card_set': 'BC Synced Signatures',
 'crypto_icon': '/./images/crypto-icon.c16fa6d1fb08aa07e8cce2ced56729d7.png',
 'current_bid': '$ 999.00',
 'current_bid_text': 'Current Bid',
 'day': '0',
 'end_in': 'Ends in',
 'hour': '23',
 'icon': '',
 'image_url': 'https://assets.paniniamerica.net/catalog/product/0/0/001a_61385_1093f4_bcssynsig_bc_2_jqwazznskcffplif.png',
 'link': '/2020-playoff-national-treasures-football-bc-synced-signatures-1-patrick-mahomes-ii-tyreek-hill-2-10.html',
 'minute': '24',
 'player_name': 'Patrick Mahomes II | Tyreek Hill',
 'rarity': 'Epic',
 'second': '11',
 'serial_number': '[2/10]'}
2022-02-19 20:17:27 [scrapy.core.scraper] DEBUG: Scraped from <200 http://ok>
{'buy_now': '$ 1,000.00',
 'buy_now_text': 'Buy Now',
 'card_set': 'BC Rookie Landscape',
 'crypto_icon': '/./images/crypto-icon.c16fa6d1fb08aa07e8cce2ced56729d7.png',
 'current_bid': '$ 999.00',
 'current_bid_text': 'Current Bid',
 'day': '0',
 'end_in': 'Ends in',
 'hour': '23',
 'icon': '',
 'image_url': 'https://assets.paniniamerica.net/catalog/product/0/0/003a_57877_1075f5_bcrroolan_bc_9_nbtosocxgupwgkxl.png',
 'link': '/2020-panini-impeccable-football-bc-rookie-landscape-3-justin-herbert-9-10.html',
 'minute': '23',
 'player_name': 'Justin Herbert',
 'rarity': 'Epic',
 'second': '47',
 'serial_number': '[9/10]'}
2022-02-19 20:17:27 [scrapy.core.scraper] DEBUG: Scraped from <200 http://ok>
{'buy_now': '$ 55.00',
 'buy_now_text': 'Buy Now',
 'card_set': 'BC 2021 Mosaic- Glass Mosaic',
 'crypto_icon': '/./images/crypto-icon.c16fa6d1fb08aa07e8cce2ced56729d7.png',
 'current_bid': '$ 45.00',
 'current_bid_text': 'Current Bid',
 'day': '0',
 'end_in': 'Ends in',
 'hour': '23',
 'icon': '',
 'image_url': 'https://assets.paniniamerica.net/catalog/product/pack/213/008A_68189_0004F4_BC2202Mos_BC_7_500.png',
 'link': '/packcard-1579_289877_7232112_8__7_500.html',
 'minute': '22',
 'player_name': 'Aaron Rodgers',
 'rarity': 'Uncommon',
 'second': '17',
 'serial_number': '[7/500]'}
2022-02-19 20:17:27 [scrapy.core.scraper] DEBUG: Scraped from <200 http://ok>
{'buy_now': '$ 300.00',
 'buy_now_text': 'Buy Now',
 'card_set': 'BC 2021 Mosaic- Base Mosaic Genesis',
 'crypto_icon': '/./images/crypto-icon.c16fa6d1fb08aa07e8cce2ced56729d7.png',
 'current_bid': '$ 200.00',
 'current_bid_text': 'Current Bid',
 'day': '0',
 'end_in': 'Ends in',
 'hour': '23',
 'icon': '',
 'image_url': 'https://assets.paniniamerica.net/catalog/product/pack/212/304A_68769_0004F3_BC2202Roo_BC_4_9_10.png',
 'link': '/packcard-1579_294620_7463087_304__9_10.html',
 'minute': '21',
 'player_name': 'Justin Fields',
 'rarity': 'Epic',
 'second': '18',
 'serial_number': '[9/10]'}
2022-02-19 20:17:27 [scrapy.core.scraper] DEBUG: Scraped from <200 http://ok>
{'buy_now': '$ 500.00',
 'buy_now_text': 'Buy Now',
 'card_set': 'BC Flawless Dual Autographs Ruby',
 'crypto_icon': '/./images/crypto-icon.c16fa6d1fb08aa07e8cce2ced56729d7.png',
 'current_bid': '$ 200.00',
 'current_bid_text': 'Current Bid',
 'day': '2',
 'end_in': 'Ends in',
 'hour': '23',
 'icon': '',
 'image_url': 'https://assets.paniniamerica.net/catalog/product/0/0/001a_61976_1094f8_bcfflaaut_bc_14_1lrv43adxbr1ehgv.png',
 'link': '/2020-panini-flawless-football-bc-flawless-dual-autographs-ruby-1-joe-burrow-tua-tagovailoa-4-5.html',
 'minute': '20',
 'player_name': 'Joe Burrow | Tua Tagovailoa',
 'rarity': 'Epic',
 'second': '01',
 'serial_number': '[4/5]'}
2022-02-19 20:17:27 [scrapy.core.scraper] DEBUG: Scraped from <200 http://ok>
{'buy_now': '$ 999.00',
 'buy_now_text': 'Buy Now',
 'card_set': 'BC 2021 Mosaic- Base Mosaic Peacock',
 'crypto_icon': '/./images/crypto-icon.c16fa6d1fb08aa07e8cce2ced56729d7.png',
 'current_bid': '$ 599.00',
 'current_bid_text': 'Current Bid',
 'day': '0',
 'end_in': 'Ends in',
 'hour': '23',
 'icon': '',
 'image_url': 'https://assets.paniniamerica.net/catalog/product/pack/315/137A_68184_0004F2_BC2202Bas_BC_9_5_62.png',
 'link': '/packcard-1579_318438_7983832_137__5_62.html',
 'minute': '11',
 'player_name': 'Tom Brady',
 'rarity': 'Rare',
 'second': '12',
 'serial_number': '[5/62]'}
2022-02-19 20:17:27 [scrapy.core.scraper] DEBUG: Scraped from <200 http://ok>
{'buy_now': '$ 25.00',
 'buy_now_text': 'Buy Now',
 'card_set': 'Base',
 'crypto_icon': '/./images/crypto-icon.c16fa6d1fb08aa07e8cce2ced56729d7.png',
 'current_bid': '$ 24.00',
 'current_bid_text': 'Current Bid',
 'day': '0',
 'end_in': 'Ends in',
 'hour': '23',
 'icon': '',
 'image_url': 'https://assets.paniniamerica.net/catalog/product/pack/305/7867_PI_NFL_136_JHerbert_BCBase_5_398.png',
 'link': '/packcard-1663_312199_7980839_136__5_398.html',
 'minute': '08',
 'player_name': 'Justin Herbert',
 'rarity': 'Uncommon',
 'second': '50',
 'serial_number': '[5/398]'}
2022-02-19 20:17:27 [scrapy.core.scraper] DEBUG: Scraped from <200 http://ok>
{'buy_now': '$ 25.00',
 'buy_now_text': 'Buy Now',
 'card_set': 'BC 2021 Mosaic- Base Mosaic Genesis',
 'crypto_icon': '/./images/crypto-icon.c16fa6d1fb08aa07e8cce2ced56729d7.png',
 'current_bid': '$ 10.00',
 'current_bid_text': 'Current Bid',
 'day': '0',
 'end_in': 'Ends in',
 'hour': '22',
 'icon': '',
 'image_url': 'https://assets.paniniamerica.net/catalog/product/pack/212/103A_68184_0004F2_BC2202Bas_BC_4_9_10.png',
 'link': '/packcard-1579_289872_7233443_103__9_10.html',
 'minute': '58',
 'player_name': 'Joe Schobert',
 'rarity': 'Epic',
 'second': '09',
 'serial_number': '[9/10]'}
2022-02-19 20:17:27 [scrapy.core.scraper] DEBUG: Scraped from <200 http://ok>
{'buy_now': '$ 100.00',
 'buy_now_text': 'Buy Now',
 'card_set': 'BC 2021 Mosaic- Base Mosaic Genesis',
 'crypto_icon': '/./images/crypto-icon.c16fa6d1fb08aa07e8cce2ced56729d7.png',
 'current_bid': '$ 99.00',
 'current_bid_text': 'Current Bid',
 'day': '2',
 'end_in': 'Ends in',
 'hour': '22',
 'icon': '',
 'image_url': 'https://assets.paniniamerica.net/catalog/product/pack/212/382A_68769_0004F3_BC2202Roo_BC_4_3_10.png',
 'link': '/packcard-1579_294620_7463165_382__3_10.html',
 'minute': '55',
 'player_name': 'Jevon Holland',
 'rarity': 'Epic',
 'second': '50',
 'serial_number': '[3/10]'}
2022-02-19 20:17:27 [scrapy.core.scraper] DEBUG: Scraped from <200 http://ok>
{'buy_now': '$ 120.00',
 'buy_now_text': 'Buy Now',
 'card_set': 'BC 2021 Mosaic- Glass Mosaic',
 'crypto_icon': '/./images/crypto-icon.c16fa6d1fb08aa07e8cce2ced56729d7.png',
 'current_bid': '$ 60.00',
 'current_bid_text': 'Current Bid',
 'day': '2',
 'end_in': 'Ends in',
 'hour': '22',
 'icon': '',
 'image_url': 'https://assets.paniniamerica.net/catalog/product/pack/213/030A_68189_0004F4_BC2202Mos_BC_2_500.png',
 'link': '/packcard-1579_289877_7232134_30__2_500.html',
 'minute': '55',
 'player_name': 'Travis Etienne Jr.',
 'rarity': 'Uncommon',
 'second': '01',
 'serial_number': '[2/500]'}
2022-02-19 20:17:27 [scrapy.core.scraper] DEBUG: Scraped from <200 http://ok>
{'buy_now': '$ 25.00',
 'buy_now_text': 'Buy Now',
 'card_set': 'BC 2021 Mosaic- Base',
 'crypto_icon': '/./images/crypto-icon.c16fa6d1fb08aa07e8cce2ced56729d7.png',
 'current_bid': '$ 8.00',
 'current_bid_text': 'Current Bid',
 'day': '0',
 'end_in': 'Ends in',
 'hour': '22',
 'icon': '',
 'image_url': 'https://assets.paniniamerica.net/catalog/product/pack/185/187A_68184_0004F2_BC2202Bas_BC_1_10_1999.png',
 'link': '/packcard-1579_289869_7231839_187__10_1999.html',
 'minute': '54',
 'player_name': 'Leonard Fournette',
 'rarity': 'Common',
 'second': '58',
 'serial_number': '[10/1999]'}
2022-02-19 20:17:27 [scrapy.core.scraper] DEBUG: Scraped from <200 http://ok>
{'buy_now': '$ 12.00',
 'buy_now_text': 'Buy Now',
 'card_set': 'BC 2021 Mosaic- Base Mosaic Reactive Blue',
 'crypto_icon': '/./images/crypto-icon.c16fa6d1fb08aa07e8cce2ced56729d7.png',
 'current_bid': '$ 10.00',
 'current_bid_text': 'Current Bid',
 'day': '0',
 'end_in': 'Ends in',
 'hour': '22',
 'icon': '',
 'image_url': 'https://assets.paniniamerica.net/catalog/product/pack/315/108A_68184_0004F2_BC2202Bas_BC_8_2_310.png',
 'link': '/packcard-1579_318436_7984001_108__2_310.html',
 'minute': '54',
 'player_name': 'Henry Ruggs III',
 'rarity': 'Uncommon',
 'second': '16',
 'serial_number': '[2/310]'}
2022-02-19 20:17:27 [scrapy.core.scraper] DEBUG: Scraped from <200 http://ok>
{'buy_now': '$ 5.00',
 'buy_now_text': 'Buy Now',
 'card_set': 'BC 2021 Mosaic- Base',
 'crypto_icon': '/./images/crypto-icon.c16fa6d1fb08aa07e8cce2ced56729d7.png',
 'current_bid': '$ 1.00',
 'current_bid_text': 'Current Bid',
 'day': '0',
 'end_in': 'Ends in',
 'hour': '22',
 'icon': '',
 'image_url': 'https://assets.paniniamerica.net/catalog/product/pack/213/056A_68183_0004F1_BC2202Bas_BC_1_7_1999.png',
 'link': '/packcard-1579_289869_7231655_56__7_1999.html',
 'minute': '52',
 'player_name': 'Kareem Hunt',
 'rarity': 'Common',
 'second': '38',
 'serial_number': '[7/1999]'}
2022-02-19 20:17:27 [scrapy.core.scraper] DEBUG: Scraped from <200 http://ok>
{'buy_now': '$ 39.00',
 'buy_now_text': 'Buy Now',
 'card_set': 'BC 2021 Mosaic- Glass Mosaic',
 'crypto_icon': '/./images/crypto-icon.c16fa6d1fb08aa07e8cce2ced56729d7.png',
 'current_bid': '$ 38.00',
 'current_bid_text': 'Current Bid',
 'day': '0',
 'end_in': 'Ends in',
 'hour': '22',
 'icon': '',
 'image_url': 'https://assets.paniniamerica.net/catalog/product/pack/213/016A_68189_0004F4_BC2202Mos_BC_6_500.png',
 'link': '/packcard-1579_289877_7232120_16__6_500.html',
 'minute': '52',
 'player_name': 'Davante Adams',
 'rarity': 'Uncommon',
 'second': '03',
 'serial_number': '[6/500]'}
2022-02-19 20:17:27 [scrapy.core.scraper] DEBUG: Scraped from <200 http://ok>
{'buy_now': '$ 25.00',
 'buy_now_text': 'Buy Now',
 'card_set': 'BC 2021 Mosaic- Base Mosaic',
 'crypto_icon': '/./images/crypto-icon.c16fa6d1fb08aa07e8cce2ced56729d7.png',
 'current_bid': '$ 24.00',
 'current_bid_text': 'Current Bid',
 'day': '0',
 'end_in': 'Ends in',
 'hour': '22',
 'icon': '',
 'image_url': 'https://assets.paniniamerica.net/catalog/product/pack/187/366A_68769_0004F3_BC2202Roo_BC_2_4_149.png',
 'link': '/packcard-1579_294618_7462849_366__4_149.html',
 'minute': '43',
 'player_name': 'Nick Bolton',
 'rarity': 'Rare',
 'second': '23',
 'serial_number': '[4/149]'}
2022-02-19 20:17:27 [scrapy.core.scraper] DEBUG: Scraped from <200 http://ok>
{'buy_now': '$ 150.00',
 'buy_now_text': 'Buy Now',
 'card_set': 'BC Immaculate Signature Patches Rookie',
 'crypto_icon': '/./images/crypto-icon.c16fa6d1fb08aa07e8cce2ced56729d7.png',
 'current_bid': '$ 50.00',
 'current_bid_text': 'Current Bid',
 'day': '2',
 'end_in': 'Ends in',
 'hour': '22',
 'icon': '',
 'image_url': 'https://assets.paniniamerica.net/catalog/product/0/0/005a_58137_1078f3_bciimmroo_bc_2_l9lwylb1nthxx13a.png',
 'link': '/2020-panini-immaculate-collection-football-bc-immaculate-signature-patches-rookie-5-jacob-eason-2-10.html',
 'minute': '43',
 'player_name': 'Jacob Eason',
 'rarity': 'Epic',
 'second': '21',
 'serial_number': '[2/10]'}
2022-02-19 20:17:27 [scrapy.core.scraper] DEBUG: Scraped from <200 http://ok>
{'buy_now': '$ 799.00',
 'buy_now_text': 'Buy Now',
 'card_set': 'BC 2021 Donruss- Night Moves',
 'crypto_icon': '/./images/crypto-icon.c16fa6d1fb08aa07e8cce2ced56729d7.png',
 'current_bid': '$ 499.00',
 'current_bid_text': 'Current Bid',
 'day': '2',
 'end_in': 'Ends in',
 'hour': '22',
 'icon': '',
 'image_url': 'https://assets.paniniamerica.net/catalog/product/pack/209/005A_68187_0004F4_BC2202Mov_BC_1_500.png',
 'link': '/packcard-1579_289875_7235059_5__1_500.html',
 'minute': '41',
 'player_name': 'Lamar Jackson',
 'rarity': 'Uncommon',
 'second': '20',
 'serial_number': '[1/500]'}
2022-02-19 20:17:27 [scrapy.core.scraper] DEBUG: Scraped from <200 http://ok>
{'buy_now': '$ 200.00',
 'buy_now_text': 'Buy Now',
 'card_set': 'BC Rookie Signatures Field Pass Holo Silver',
 'crypto_icon': '/./images/crypto-icon.c16fa6d1fb08aa07e8cce2ced56729d7.png',
 'current_bid': '$ 199.00',
 'current_bid_text': 'Current Bid',
 'day': '2',
 'end_in': 'Ends in',
 'hour': '22',
 'icon': '',
 'image_url': 'https://assets.paniniamerica.net/catalog/product/0/0/004a_61382_1093f4_bcrroopas_bc_23_xon9klr4yxfwtkbs.png',
 'link': '/2020-playoff-national-treasures-football-bc-rookie-signatures-field-pass-holo-silver-4-jordan-love-5-5.html',
 'minute': '37',
 'player_name': 'Jordan Love',
 'rarity': 'Epic',
 'second': '15',
 'serial_number': '[5/5]'}
2022-02-19 20:17:27 [scrapy.core.scraper] DEBUG: Scraped from <200 http://ok>
{'buy_now': '$ 99.00',
 'buy_now_text': 'Buy Now',
 'card_set': 'BC 2021 Mosaic- Base Mosaic Genesis',
 'crypto_icon': '/./images/crypto-icon.c16fa6d1fb08aa07e8cce2ced56729d7.png',
 'current_bid': '$ 89.00',
 'current_bid_text': 'Current Bid',
 'day': '2',
 'end_in': 'Ends in',
 'hour': '22',
 'icon': '',
 'image_url': 'https://assets.paniniamerica.net/catalog/product/pack/212/311A_68769_0004F3_BC2202Roo_BC_4_9_10.png',
 'link': '/packcard-1579_294620_7463094_311__9_10.html',
 'minute': '36',
 'player_name': 'Kyle Pitts',
 'rarity': 'Epic',
 'second': '59',
 'serial_number': '[9/10]'}
2022-02-19 20:17:27 [scrapy.core.scraper] DEBUG: Scraped from <200 http://ok>
{'buy_now': '$ 70.00',
 'buy_now_text': 'Buy Now',
 'card_set': 'BC 2021 Mosaic- Base Mosaic Genesis',
 'crypto_icon': '/./images/crypto-icon.c16fa6d1fb08aa07e8cce2ced56729d7.png',
 'current_bid': '$ 69.00',
 'current_bid_text': 'Current Bid',
 'day': '0',
 'end_in': 'Ends in',
 'hour': '22',
 'icon': '',
 'image_url': 'https://assets.paniniamerica.net/catalog/product/pack/212/140A_68184_0004F2_BC2202Bas_BC_4_5_10.png',
 'link': '/packcard-1579_289872_7233480_140__5_10.html',
 'minute': '36',
 'player_name': 'Stephon Gilmore',
 'rarity': 'Epic',
 'second': '53',
 'serial_number': '[5/10]'}
2022-02-19 20:17:27 [scrapy.core.scraper] DEBUG: Scraped from <200 http://ok>
{'buy_now': '$ 13.00',
 'buy_now_text': 'Current Bid',
 'card_set': 'Luke Kuechly',
 'crypto_icon': 'Buy Now',
 'current_bid': 'BC 2021 Mosaic- Base Mosaic Genesis',
 'current_bid_text': '[7/10]',
 'day': '0',
 'end_in': 'Ends in',
 'hour': '22',
 'icon': '',
 'image_url': '1',
 'link': '/packcard-1579_289872_7233375_35__7_10.html',
 'minute': '34',
 'player_name': 'Bid',
 'rarity': '$ 100.00',
 'second': '20',
 'serial_number': 'https://assets.paniniamerica.net/catalog/product/pack/212/035A_68183_0004F1_BC2202Bas_BC_4_7_10.png'}
2022-02-19 20:17:27 [scrapy.core.scraper] DEBUG: Scraped from <200 http://ok>
{'buy_now': '$ 64.00',
 'buy_now_text': 'Buy Now',
 'card_set': 'BC 2021 Mosaic- Base Mosaic Peacock',
 'crypto_icon': '/./images/crypto-icon.c16fa6d1fb08aa07e8cce2ced56729d7.png',
 'current_bid': '$ 55.00',
 'current_bid_text': 'Current Bid',
 'day': '1',
 'end_in': 'Ends in',
 'hour': '22',
 'icon': '',
 'image_url': 'https://assets.paniniamerica.net/catalog/product/pack/315/080A_68183_0004F1_BC2202Bas_BC_9_5_62.png',
 'link': '/packcard-1579_318438_7983775_80__5_62.html',
 'minute': '32',
 'player_name': 'Donald Driver',
 'rarity': 'Rare',
 'second': '07',
 'serial_number': '[5/62]'}
2022-02-19 20:17:27 [scrapy.core.scraper] DEBUG: Scraped from <200 http://ok>
{'buy_now': '$ 12.00',
 'buy_now_text': 'Buy Now',
 'card_set': 'BC 2021 Mosaic- Base',
 'crypto_icon': '/./images/crypto-icon.c16fa6d1fb08aa07e8cce2ced56729d7.png',
 'current_bid': '$ 8.00',
 'current_bid_text': 'Current Bid',
 'day': '0',
 'end_in': 'Ends in',
 'hour': '22',
 'icon': '',
 'image_url': 'https://assets.paniniamerica.net/catalog/product/pack/213/011A_68183_0004F1_BC2202Bas_BC_1_2_1999.png',
 'link': '/packcard-1579_289869_7231607_11__2_1999.html',
 'minute': '27',
 'player_name': 'DeAndre Hopkins',
 'rarity': 'Common',
 'second': '17',
 'serial_number': '[2/1999]'}
2022-02-19 20:17:27 [scrapy.core.scraper] DEBUG: Scraped from <200 http://ok>
{'buy_now': '$ 30.00',
 'buy_now_text': 'Buy Now',
 'card_set': 'BC 2021 Mosaic- Base Mosaic Reactive Orange',
 'crypto_icon': '/./images/crypto-icon.c16fa6d1fb08aa07e8cce2ced56729d7.png',
 'current_bid': '$ 10.00',
 'current_bid_text': 'Current Bid',
 'day': '2',
 'end_in': 'Ends in',
 'hour': '22',
 'icon': '',
 'image_url': 'https://assets.paniniamerica.net/catalog/product/pack/186/379A_68769_0004F3_BC2202Roo_BC_7_10_299.png',
 'link': '/packcard-1579_299968_7663906_379__10_299.html',
 'minute': '24',
 'player_name': 'Chris Evans',
 'rarity': 'Uncommon',
 'second': '35',
 'serial_number': '[10/299]'}
2022-02-19 20:17:27 [scrapy.core.scraper] DEBUG: Scraped from <200 http://ok>
{'buy_now': '$ 750.00',
 'buy_now_text': 'Buy Now',
 'card_set': 'BC Career Progressions',
 'crypto_icon': '/./images/crypto-icon.c16fa6d1fb08aa07e8cce2ced56729d7.png',
 'current_bid': '$ 699.00',
 'current_bid_text': 'Current Bid',
 'day': '2',
 'end_in': 'Ends in',
 'hour': '22',
 'icon': '',
 'image_url': 'https://assets.paniniamerica.net/catalog/product/0/1/010a_49552_1006f10_bcccarpro_bc_16_zs5mt8uy1wjiwuoo.png',
 'link': '/2019-panini-flawless-football-bc-career-progressions-10-brett-favre-8-10.html',
 'minute': '24',
 'player_name': 'Brett Favre',
 'rarity': 'Epic',
 'second': '05',
 'serial_number': '[8/10]'}
2022-02-19 20:17:27 [scrapy.core.scraper] DEBUG: Scraped from <200 http://ok>
{'buy_now': '$ 100.00',
 'buy_now_text': 'Buy Now',
 'card_set': 'BC 2021 Mosaic- Base',
 'crypto_icon': '/./images/crypto-icon.c16fa6d1fb08aa07e8cce2ced56729d7.png',
 'current_bid': '$ 40.00',
 'current_bid_text': 'Current Bid',
 'day': '0',
 'end_in': 'Ends in',
 'hour': '22',
 'icon': '',
 'image_url': 'https://assets.paniniamerica.net/catalog/product/pack/183/127A_68184_0004F2_BC2202Bas_BC_1_1_1999.png',
 'link': '/packcard-1579_289869_7231759_127__1_1999.html',
 'minute': '23',
 'player_name': 'Byron Jones',
 'rarity': 'Common',
 'second': '24',
 'serial_number': '[1/1999]'}
2022-02-19 20:17:27 [scrapy.core.scraper] DEBUG: Scraped from <200 http://ok>
{'buy_now': '$ 69.00',
 'buy_now_text': 'Buy Now',
 'card_set': 'BC 2021 Mosaic- Base Mosaic Genesis',
 'crypto_icon': '/./images/crypto-icon.c16fa6d1fb08aa07e8cce2ced56729d7.png',
 'current_bid': '$ 59.00',
 'current_bid_text': 'Current Bid',
 'day': '1',
 'end_in': 'Ends in',
 'hour': '22',
 'icon': '',
 'image_url': 'https://assets.paniniamerica.net/catalog/product/pack/212/317A_68769_0004F3_BC2202Roo_BC_4_6_10.png',
 'link': '/packcard-1579_294620_7463100_317__6_10.html',
 'minute': '22',
 'player_name': 'Rondale Moore',
 'rarity': 'Epic',
 'second': '33',
 'serial_number': '[6/10]'}
2022-02-19 20:17:27 [scrapy.core.scraper] DEBUG: Scraped from <200 http://ok>
{'buy_now': '$ 5.00',
 'buy_now_text': 'Buy Now',
 'card_set': 'BC 2021 Mosaic- Base',
 'crypto_icon': '/./images/crypto-icon.c16fa6d1fb08aa07e8cce2ced56729d7.png',
 'current_bid': '$ 4.00',
 'current_bid_text': 'Current Bid',
 'day': '0',
 'end_in': 'Ends in',
 'hour': '22',
 'icon': '',
 'image_url': 'https://assets.paniniamerica.net/catalog/product/pack/183/155A_68184_0004F2_BC2202Bas_BC_1_9_1999.png',
 'link': '/packcard-1579_289869_7231798_155__9_1999.html',
 'minute': '21',
 'player_name': 'Sam Darnold',
 'rarity': 'Common',
 'second': '58',
 'serial_number': '[9/1999]'}
2022-02-19 20:17:27 [scrapy.core.scraper] DEBUG: Scraped from <200 http://ok>
{'buy_now': '$ 2.00',
 'buy_now_text': 'Current Bid',
 'card_set': 'Ezekiel Elliott',
 'crypto_icon': 'Buy Now',
 'current_bid': 'BC 2021 Mosaic- Base Mosaic Genesis',
 'current_bid_text': '[4/10]',
 'day': '2',
 'end_in': 'Ends in',
 'hour': '22',
 'icon': '',
 'image_url': '1',
 'link': '/packcard-1579_289872_7233400_60__4_10.html',
 'minute': '21',
 'player_name': 'Bid',
 'rarity': '$ 500.00',
 'second': '50',
 'serial_number': 'https://assets.paniniamerica.net/catalog/product/pack/212/060A_68183_0004F1_BC2202Bas_BC_4_4_10.png'}
2022-02-19 20:17:27 [scrapy.core.scraper] DEBUG: Scraped from <200 http://ok>
{'buy_now': '$ 1,000.00',
 'buy_now_text': 'Buy Now',
 'card_set': 'Patch Autograph',
 'crypto_icon': '/./images/crypto-icon.c16fa6d1fb08aa07e8cce2ced56729d7.png',
 'current_bid': '$ 999.00',
 'current_bid_text': 'Current Bid',
 'day': '2',
 'end_in': 'Ends in',
 'hour': '22',
 'icon': '',
 'image_url': 'https://assets.paniniamerica.net/catalog/product/0/2/025a_58309_2304f1_bcttriaut_bc.png',
 'link': '/2020-panini-triforce-blockchain-jacob-eason-patch-autograph.html',
 'minute': '20',
 'player_name': 'Jacob Eason',
 'rarity': 'Legendary',
 'second': '36',
 'serial_number': '[1/1]'}
2022-02-19 20:17:27 [scrapy.core.scraper] DEBUG: Scraped from <200 http://ok>
{'buy_now': '$ 40.00',
 'buy_now_text': 'Buy Now',
 'card_set': 'BC 2021 Mosaic- Base Mosaic Reactive Blue',
 'crypto_icon': '/./images/crypto-icon.c16fa6d1fb08aa07e8cce2ced56729d7.png',
 'current_bid': '$ 24.00',
 'current_bid_text': 'Current Bid',
 'day': '2',
 'end_in': 'Ends in',
 'hour': '22',
 'icon': '',
 'image_url': 'https://assets.paniniamerica.net/catalog/product/pack/315/091A_68183_0004F1_BC2202Bas_BC_8_8_310.png',
 'link': '/packcard-1579_318436_7983984_91__8_310.html',
 'minute': '16',
 'player_name': 'Peyton Manning',
 'rarity': 'Uncommon',
 'second': '51',
 'serial_number': '[8/310]'}
2022-02-19 20:17:27 [scrapy.core.scraper] DEBUG: Scraped from <200 http://ok>
{'buy_now': '$ 79.00',
 'buy_now_text': 'Buy Now',
 'card_set': 'BC 2021 Mosaic- Base',
 'crypto_icon': '/./images/crypto-icon.c16fa6d1fb08aa07e8cce2ced56729d7.png',
 'current_bid': '$ 59.00',
 'current_bid_text': 'Current Bid',
 'day': '2',
 'end_in': 'Ends in',
 'hour': '22',
 'icon': '',
 'image_url': 'https://assets.paniniamerica.net/catalog/product/pack/212/091A_68183_0004F1_BC2202Bas_BC_1_2_1999.png',
 'link': '/packcard-1579_289869_7231690_91__2_1999.html',
 'minute': '15',
 'player_name': 'Peyton Manning',
 'rarity': 'Common',
 'second': '43',
 'serial_number': '[2/1999]'}
2022-02-19 20:17:27 [scrapy.core.scraper] DEBUG: Scraped from <200 http://ok>
{'buy_now': '$ 500.00',
 'buy_now_text': 'Buy Now',
 'card_set': 'BC 2021 Mosaic- Glass Mosaic',
 'crypto_icon': '/./images/crypto-icon.c16fa6d1fb08aa07e8cce2ced56729d7.png',
 'current_bid': '$ 50.00',
 'current_bid_text': 'Current Bid',
 'day': '0',
 'end_in': 'Ends in',
 'hour': '22',
 'icon': '',
 'image_url': 'https://assets.paniniamerica.net/catalog/product/pack/213/029A_68189_0004F4_BC2202Mos_BC_3_500.png',
 'link': '/packcard-1579_289877_7232133_29__3_500.html',
 'minute': '15',
 'player_name': 'Najee Harris',
 'rarity': 'Uncommon',
 'second': '09',
 'serial_number': '[3/500]'}
2022-02-19 20:17:27 [scrapy.core.scraper] DEBUG: Scraped from <200 http://ok>
{'buy_now': '$ 95.00',
 'buy_now_text': 'Buy Now',
 'card_set': 'BC 2021 Mosaic- Base Mosaic Peacock',
 'crypto_icon': '/./images/crypto-icon.c16fa6d1fb08aa07e8cce2ced56729d7.png',
 'current_bid': '$ 90.00',
 'current_bid_text': 'Current Bid',
 'day': '0',
 'end_in': 'Ends in',
 'hour': '22',
 'icon': '',
 'image_url': 'https://assets.paniniamerica.net/catalog/product/pack/315/307A_68769_0004F3_BC2202Roo_BC_9_10_62.png',
 'link': '/packcard-1579_318439_7984101_307__10_62.html',
 'minute': '13',
 'player_name': "Ja'Marr Chase",
 'rarity': 'Rare',
 'second': '06',
 'serial_number': '[10/62]'}
2022-02-19 20:17:27 [scrapy.core.scraper] DEBUG: Scraped from <200 http://ok>
{'buy_now': '$ 499.00',
 'buy_now_text': 'Buy Now',
 'card_set': 'Base Gold',
 'crypto_icon': '/./images/crypto-icon.c16fa6d1fb08aa07e8cce2ced56729d7.png',
 'current_bid': '$ 489.00',
 'current_bid_text': 'Current Bid',
 'day': '2',
 'end_in': 'Ends in',
 'hour': '22',
 'icon': '',
 'image_url': 'https://assets.paniniamerica.net/catalog/product/pack/258/7801_PI_NFL_123_TBrady_BCGold_7_10.png',
 'link': '/packcard-1663_312200_7948810_123__7_10.html',
 'minute': '11',
 'player_name': 'Tom Brady | Rob Gronkowski',
 'rarity': 'Epic',
 'second': '46',
 'serial_number': '[7/10]'}
2022-02-19 20:17:27 [scrapy.core.scraper] DEBUG: Scraped from <200 http://ok>
{'buy_now': '$ 50.00',
 'buy_now_text': 'Buy Now',
 'card_set': 'BC 2021 Mosaic- Base',
 'crypto_icon': '/./images/crypto-icon.c16fa6d1fb08aa07e8cce2ced56729d7.png',
 'current_bid': '$ 12.00',
 'current_bid_text': 'Current Bid',
 'day': '0',
 'end_in': 'Ends in',
 'hour': '22',
 'icon': '',
 'image_url': 'https://assets.paniniamerica.net/catalog/product/pack/209/315A_68769_0004F3_BC2202Roo_BC_1_6_999.png',
 'link': '/packcard-1579_294617_7462498_315__6_999.html',
 'minute': '11',
 'player_name': 'Javonte Williams',
 'rarity': 'Common',
 'second': '20',
 'serial_number': '[6/999]'}
2022-02-19 20:17:27 [scrapy.core.scraper] DEBUG: Scraped from <200 http://ok>
{'buy_now': '$ 399.00',
 'buy_now_text': 'Buy Now',
 'card_set': 'BC 2021 Mosaic- Base Mosaic Genesis',
 'crypto_icon': '/./images/crypto-icon.c16fa6d1fb08aa07e8cce2ced56729d7.png',
 'current_bid': '$ 199.00',
 'current_bid_text': 'Current Bid',
 'day': '0',
 'end_in': 'Ends in',
 'hour': '22',
 'icon': '',
 'image_url': 'https://assets.paniniamerica.net/catalog/product/pack/212/179A_68184_0004F2_BC2202Bas_BC_4_10_10.png',
 'link': '/packcard-1579_289872_7233519_179__10_10.html',
 'minute': '09',
 'player_name': 'Russell Wilson',
 'rarity': 'Epic',
 'second': '33',
 'serial_number': '[10/10]'}
2022-02-19 20:17:27 [scrapy.core.scraper] DEBUG: Scraped from <200 http://ok>
{'buy_now': '$ 29.00',
 'buy_now_text': 'Buy Now',
 'card_set': 'BC 2021 Mosaic- Base',
 'crypto_icon': '/./images/crypto-icon.c16fa6d1fb08aa07e8cce2ced56729d7.png',
 'current_bid': '$ 24.00',
 'current_bid_text': 'Current Bid',
 'day': '2',
 'end_in': 'Ends in',
 'hour': '22',
 'icon': '',
 'image_url': 'https://assets.paniniamerica.net/catalog/product/pack/183/063A_68183_0004F1_BC2202Bas_BC_1_9_1999.png',
 'link': '/packcard-1579_289869_7231662_63__9_1999.html',
 'minute': '08',
 'player_name': 'Deion Sanders',
 'rarity': 'Common',
 'second': '26',
 'serial_number': '[9/1999]'}
2022-02-19 20:17:27 [scrapy.core.scraper] DEBUG: Scraped from <200 http://ok>
{'buy_now': '$ 20.00',
 'buy_now_text': 'Buy Now',
 'card_set': 'BC 2021 Mosaic- Base',
 'crypto_icon': '/./images/crypto-icon.c16fa6d1fb08aa07e8cce2ced56729d7.png',
 'current_bid': '$ 14.00',
 'current_bid_text': 'Current Bid',
 'day': '2',
 'end_in': 'Ends in',
 'hour': '22',
 'icon': '',
 'image_url': 'https://assets.paniniamerica.net/catalog/product/pack/183/011A_68183_0004F1_BC2202Bas_BC_1_8_1999.png',
 'link': '/packcard-1579_289869_7231607_11__8_1999.html',
 'minute': '07',
 'player_name': 'DeAndre Hopkins',
 'rarity': 'Common',
 'second': '25',
 'serial_number': '[8/1999]'}
2022-02-19 20:17:27 [scrapy.core.scraper] DEBUG: Scraped from <200 http://ok>
{'buy_now': '$ 11.00',
 'buy_now_text': 'Current Bid',
 'card_set': 'Deshaun Watson',
 'crypto_icon': 'Buy Now',
 'current_bid': 'BC 2021 Mosaic- Base Mosaic Genesis',
 'current_bid_text': '[9/10]',
 'day': '0',
 'end_in': 'Ends in',
 'hour': '22',
 'icon': '',
 'image_url': '1',
 'link': '/packcard-1579_289872_7233425_85__9_10.html',
 'minute': '05',
 'player_name': 'Bid',
 'rarity': '$ 150.00',
 'second': '35',
 'serial_number': 'https://assets.paniniamerica.net/catalog/product/pack/212/085A_68183_0004F1_BC2202Bas_BC_4_9_10.png'}
2022-02-19 20:17:27 [scrapy.core.scraper] DEBUG: Scraped from <200 http://ok>
{'buy_now': '$ 1,000.00',
 'buy_now_text': 'Buy Now',
 'card_set': 'BC 2021 Mosaic- Base Mosaic Genesis',
 'crypto_icon': '/./images/crypto-icon.c16fa6d1fb08aa07e8cce2ced56729d7.png',
 'current_bid': '$ 750.00',
 'current_bid_text': 'Current Bid',
 'day': '0',
 'end_in': 'Ends in',
 'hour': '22',
 'icon': '',
 'image_url': 'https://assets.paniniamerica.net/catalog/product/pack/212/315A_68769_0004F3_BC2202Roo_BC_4_1_10.png',
 'link': '/packcard-1579_294620_7463098_315__1_10.html',
 'minute': '05',
 'player_name': 'Javonte Williams',
 'rarity': 'Epic',
 'second': '04',
 'serial_number': '[1/10]'}
2022-02-19 20:17:27 [scrapy.core.scraper] DEBUG: Scraped from <200 http://ok>
{'buy_now': '$ 99.00',
 'buy_now_text': 'Buy Now',
 'card_set': 'BC 2021 Mosaic- Base Mosaic Genesis',
 'crypto_icon': '/./images/crypto-icon.c16fa6d1fb08aa07e8cce2ced56729d7.png',
 'current_bid': '$ 49.00',
 'current_bid_text': 'Current Bid',
 'day': '0',
 'end_in': 'Ends in',
 'hour': '22',
 'icon': '',
 'image_url': 'https://assets.paniniamerica.net/catalog/product/pack/212/002A_68183_0004F1_BC2202Bas_BC_4_10_10.png',
 'link': '/packcard-1579_289872_7233342_2__10_10.html',
 'minute': '04',
 'player_name': 'Dante Hall',
 'rarity': 'Epic',
 'second': '15',
 'serial_number': '[10/10]'}
2022-02-19 20:17:27 [scrapy.core.scraper] DEBUG: Scraped from <200 http://ok>
{'buy_now': '$ 100.00',
 'buy_now_text': 'Buy Now',
 'card_set': 'BC 2021 Mosaic- Base Mosaic Genesis',
 'crypto_icon': '/./images/crypto-icon.c16fa6d1fb08aa07e8cce2ced56729d7.png',
 'current_bid': '$ 75.00',
 'current_bid_text': 'Current Bid',
 'day': '0',
 'end_in': 'Ends in',
 'hour': '22',
 'icon': '',
 'image_url': 'https://assets.paniniamerica.net/catalog/product/pack/212/187A_68184_0004F2_BC2202Bas_BC_4_8_10.png',
 'link': '/packcard-1579_289872_7233527_187__8_10.html',
 'minute': '03',
 'player_name': 'Leonard Fournette',
 'rarity': 'Epic',
 'second': '38',
 'serial_number': '[8/10]'}
2022-02-19 20:17:27 [scrapy.core.scraper] DEBUG: Scraped from <200 http://ok>
{'buy_now': '$ 40.00',
 'buy_now_text': 'Buy Now',
 'card_set': 'BC 2021 Mosaic- Base Mosaic Genesis',
 'crypto_icon': '/./images/crypto-icon.c16fa6d1fb08aa07e8cce2ced56729d7.png',
 'current_bid': '$ 39.00',
 'current_bid_text': 'Current Bid',
 'day': '2',
 'end_in': 'Ends in',
 'hour': '22',
 'icon': '',
 'image_url': 'https://assets.paniniamerica.net/catalog/product/pack/212/073A_68183_0004F1_BC2202Bas_BC_4_8_10.png',
 'link': '/packcard-1579_289872_7233413_73__8_10.html',
 'minute': '03',
 'player_name': "D'Andre Swift",
 'rarity': 'Epic',
 'second': '29',
 'serial_number': '[8/10]'}
2022-02-19 20:17:27 [scrapy.core.scraper] DEBUG: Scraped from <200 http://ok>
{'buy_now': '$ 200.00',
 'buy_now_text': 'Buy Now',
 'card_set': 'BC 2021 Mosaic- Base Mosaic Genesis',
 'crypto_icon': '/./images/crypto-icon.c16fa6d1fb08aa07e8cce2ced56729d7.png',
 'current_bid': '$ 150.00',
 'current_bid_text': 'Current Bid',
 'day': '0',
 'end_in': 'Ends in',
 'hour': '22',
 'icon': '',
 'image_url': 'https://assets.paniniamerica.net/catalog/product/pack/212/188A_68184_0004F2_BC2202Bas_BC_4_7_10.png',
 'link': '/packcard-1579_289872_7233528_188__7_10.html',
 'minute': '02',
 'player_name': 'Rob Gronkowski',
 'rarity': 'Epic',
 'second': '48',
 'serial_number': '[7/10]'}
2022-02-19 20:17:27 [scrapy.core.engine] INFO: Closing spider (finished)
2022-02-19 20:17:27 [scrapy.extensions.feedexport] INFO: Stored json feed (59 items) in: /Users/jianhuang/73ab0bc1_pgspider.json
2022-02-19 20:17:27 [scrapy.statscollectors] INFO: Dumping Scrapy stats:
{'downloader/response_bytes': 1562712,
 'downloader/response_count': 1,
 'downloader/response_status_count/200': 1,
 'elapsed_time_seconds': 8.488779,
 'feedexport/success_count/FileFeedStorage': 1,
 'finish_reason': 'finished',
 'finish_time': datetime.datetime(2022, 2, 20, 1, 17, 27, 604589),
 'httpcache/firsthand': 1,
 'httpcache/store': 1,
 'item_scraped_count': 59,
 'log_count/DEBUG': 62,
 'log_count/INFO': 12,
 'log_count/WARNING': 46,
 'memusage/max': 116805632,
 'memusage/startup': 116805632,
 'response_received_count': 1,
 'scheduler/dequeued': 1,
 'scheduler/dequeued/memory': 1,
 'scheduler/enqueued': 1,
 'scheduler/enqueued/memory': 1,
 'start_time': datetime.datetime(2022, 2, 20, 1, 17, 19, 115810)}
2022-02-19 20:17:27 [scrapy.core.engine] INFO: Spider closed (finished)
