2021-08-11 22:18:56 [scrapy.utils.log] INFO: Scrapy 2.5.0 started (bot: PGPaniniSpider)
2021-08-11 22:18:56 [scrapy.utils.log] INFO: Versions: lxml 4.6.3.0, libxml2 2.9.10, cssselect 1.1.0, parsel 1.6.0, w3lib 1.22.0, Twisted 21.7.0, Python 3.7.10 | packaged by conda-forge | (default, Feb 19 2021, 15:59:12) - [Clang 11.0.1 ], pyOpenSSL 20.0.1 (OpenSSL 1.1.1k  25 Mar 2021), cryptography 3.4.7, Platform Darwin-20.6.0-x86_64-i386-64bit
2021-08-11 22:18:56 [scrapy.utils.log] DEBUG: Using reactor: twisted.internet.selectreactor.SelectReactor
2021-08-11 22:19:52 [scrapy.utils.log] INFO: Scrapy 2.5.0 started (bot: PGPaniniSpider)
2021-08-11 22:19:52 [scrapy.utils.log] INFO: Versions: lxml 4.6.3.0, libxml2 2.9.10, cssselect 1.1.0, parsel 1.6.0, w3lib 1.22.0, Twisted 21.7.0, Python 3.7.10 | packaged by conda-forge | (default, Feb 19 2021, 15:59:12) - [Clang 11.0.1 ], pyOpenSSL 20.0.1 (OpenSSL 1.1.1k  25 Mar 2021), cryptography 3.4.7, Platform Darwin-20.6.0-x86_64-i386-64bit
2021-08-11 22:19:52 [scrapy.utils.log] DEBUG: Using reactor: twisted.internet.selectreactor.SelectReactor
2021-08-11 22:19:52 [scrapy.crawler] INFO: Overridden settings:
{'BOT_NAME': 'PGPaniniSpider',
 'COMPRESSION_ENABLED': False,
 'CONCURRENT_REQUESTS_PER_DOMAIN': 1,
 'COOKIES_ENABLED': False,
 'DOWNLOAD_DELAY': 3,
 'HTTPCACHE_ENABLED': True,
 'LOG_FILE': 'scrapy.log',
 'NEWSPIDER_MODULE': 'PGPaniniSpider.spiders',
 'SPIDER_MODULES': ['PGPaniniSpider.spiders']}
2021-08-11 22:19:52 [scrapy.extensions.telnet] INFO: Telnet Password: c46427bb637df74b
2021-08-11 22:19:52 [scrapy.middleware] INFO: Enabled extensions:
['scrapy.extensions.corestats.CoreStats',
 'scrapy.extensions.telnet.TelnetConsole',
 'scrapy.extensions.memusage.MemoryUsage',
 'scrapy.extensions.logstats.LogStats']
2021-08-11 22:19:52 [asyncio] DEBUG: Using selector: KqueueSelector
2021-08-11 22:19:52 [scrapy.middleware] INFO: Enabled downloader middlewares:
['scrapy.downloadermiddlewares.httpauth.HttpAuthMiddleware',
 'scrapy.downloadermiddlewares.downloadtimeout.DownloadTimeoutMiddleware',
 'scrapy.downloadermiddlewares.defaultheaders.DefaultHeadersMiddleware',
 'scrapy.downloadermiddlewares.useragent.UserAgentMiddleware',
 'scrapy.downloadermiddlewares.retry.RetryMiddleware',
 'scrapy.downloadermiddlewares.redirect.MetaRefreshMiddleware',
 'scrapy.downloadermiddlewares.redirect.RedirectMiddleware',
 'PGPaniniSpider.middlewares.PyppeteerDownloaderMiddleware',
 'scrapy.downloadermiddlewares.httpproxy.HttpProxyMiddleware',
 'scrapy.downloadermiddlewares.stats.DownloaderStats',
 'scrapy.downloadermiddlewares.httpcache.HttpCacheMiddleware']
2021-08-11 22:19:52 [scrapy.middleware] INFO: Enabled spider middlewares:
['scrapy.spidermiddlewares.httperror.HttpErrorMiddleware',
 'scrapy.spidermiddlewares.offsite.OffsiteMiddleware',
 'scrapy.spidermiddlewares.referer.RefererMiddleware',
 'scrapy.spidermiddlewares.urllength.UrlLengthMiddleware',
 'scrapy.spidermiddlewares.depth.DepthMiddleware']
2021-08-11 22:19:52 [scrapy.middleware] INFO: Enabled item pipelines:
[]
2021-08-11 22:19:52 [scrapy.core.engine] INFO: Spider opened
2021-08-11 22:19:52 [scrapy.extensions.logstats] INFO: Crawled 0 pages (at 0 pages/min), scraped 0 items (at 0 items/min)
2021-08-11 22:19:52 [scrapy.extensions.httpcache] DEBUG: Using filesystem cache storage in /Users/jianhuang/opt/anaconda3/envs/Data26/Data26/WebScraping/PGPaniniSpider/.scrapy/httpcache
2021-08-11 22:19:52 [scrapy.extensions.telnet] INFO: Telnet console listening on 127.0.0.1:6023
2021-08-11 22:19:54 [scrapy.core.engine] DEBUG: Crawled (200) <GET https://www.paniniamerica.net/blockchain/public-auctions/public-auctions/public-auctions.html?sortBy=new&p=1> (referer: None) ['cached']
2021-08-11 22:19:54 [scrapy.core.scraper] ERROR: Spider error processing <GET https://www.paniniamerica.net/blockchain/public-auctions/public-auctions/public-auctions.html?sortBy=new&p=1> (referer: None)
Traceback (most recent call last):
  File "/Users/jianhuang/opt/anaconda3/envs/Data26/lib/python3.7/site-packages/twisted/internet/defer.py", line 859, in _runCallbacks
    current.result, *args, **kwargs
  File "/Users/jianhuang/opt/anaconda3/envs/Data26/Data26/WebScraping/PGPaniniSpider/PGPaniniSpider/spiders/pgpaninispider.py", line 63, in pg_parser
    print(new_response.text)
  File "/Users/jianhuang/opt/anaconda3/envs/Data26/lib/python3.7/site-packages/scrapy/http/response/__init__.py", line 120, in text
    raise AttributeError("Response content isn't text")
AttributeError: Response content isn't text
2021-08-11 22:19:54 [scrapy.core.engine] INFO: Closing spider (finished)
2021-08-11 22:19:54 [scrapy.statscollectors] INFO: Dumping Scrapy stats:
{'downloader/request_bytes': 267,
 'downloader/request_count': 1,
 'downloader/request_method_count/GET': 1,
 'downloader/response_bytes': 1229756,
 'downloader/response_count': 1,
 'downloader/response_status_count/200': 1,
 'elapsed_time_seconds': 2.070189,
 'finish_reason': 'finished',
 'finish_time': datetime.datetime(2021, 8, 12, 2, 19, 54, 409670),
 'httpcache/hit': 1,
 'log_count/DEBUG': 3,
 'log_count/ERROR': 1,
 'log_count/INFO': 10,
 'memusage/max': 105586688,
 'memusage/startup': 105586688,
 'response_received_count': 1,
 'scheduler/dequeued': 1,
 'scheduler/dequeued/memory': 1,
 'scheduler/enqueued': 1,
 'scheduler/enqueued/memory': 1,
 'spider_exceptions/AttributeError': 1,
 'start_time': datetime.datetime(2021, 8, 12, 2, 19, 52, 339481)}
2021-08-11 22:19:54 [scrapy.core.engine] INFO: Spider closed (finished)
2021-08-11 22:24:27 [scrapy.utils.log] INFO: Scrapy 2.5.0 started (bot: PGPaniniSpider)
2021-08-11 22:24:27 [scrapy.utils.log] INFO: Versions: lxml 4.6.3.0, libxml2 2.9.10, cssselect 1.1.0, parsel 1.6.0, w3lib 1.22.0, Twisted 21.7.0, Python 3.7.10 | packaged by conda-forge | (default, Feb 19 2021, 15:59:12) - [Clang 11.0.1 ], pyOpenSSL 20.0.1 (OpenSSL 1.1.1k  25 Mar 2021), cryptography 3.4.7, Platform Darwin-20.6.0-x86_64-i386-64bit
2021-08-11 22:24:27 [scrapy.utils.log] DEBUG: Using reactor: twisted.internet.selectreactor.SelectReactor
2021-08-11 22:24:27 [scrapy.crawler] INFO: Overridden settings:
{'BOT_NAME': 'PGPaniniSpider',
 'COMPRESSION_ENABLED': False,
 'CONCURRENT_REQUESTS_PER_DOMAIN': 1,
 'COOKIES_ENABLED': False,
 'DOWNLOAD_DELAY': 3,
 'HTTPCACHE_ENABLED': True,
 'LOG_FILE': 'scrapy.log',
 'NEWSPIDER_MODULE': 'PGPaniniSpider.spiders',
 'SPIDER_MODULES': ['PGPaniniSpider.spiders']}
2021-08-11 22:24:27 [scrapy.extensions.telnet] INFO: Telnet Password: efcf5c520cbada98
2021-08-11 22:24:27 [scrapy.middleware] INFO: Enabled extensions:
['scrapy.extensions.corestats.CoreStats',
 'scrapy.extensions.telnet.TelnetConsole',
 'scrapy.extensions.memusage.MemoryUsage',
 'scrapy.extensions.logstats.LogStats']
2021-08-11 22:24:27 [asyncio] DEBUG: Using selector: KqueueSelector
2021-08-11 22:24:27 [scrapy.middleware] INFO: Enabled downloader middlewares:
['scrapy.downloadermiddlewares.httpauth.HttpAuthMiddleware',
 'scrapy.downloadermiddlewares.downloadtimeout.DownloadTimeoutMiddleware',
 'scrapy.downloadermiddlewares.defaultheaders.DefaultHeadersMiddleware',
 'scrapy.downloadermiddlewares.useragent.UserAgentMiddleware',
 'scrapy.downloadermiddlewares.retry.RetryMiddleware',
 'scrapy.downloadermiddlewares.redirect.MetaRefreshMiddleware',
 'scrapy.downloadermiddlewares.redirect.RedirectMiddleware',
 'PGPaniniSpider.middlewares.PyppeteerDownloaderMiddleware',
 'scrapy.downloadermiddlewares.httpproxy.HttpProxyMiddleware',
 'scrapy.downloadermiddlewares.stats.DownloaderStats',
 'scrapy.downloadermiddlewares.httpcache.HttpCacheMiddleware']
2021-08-11 22:24:27 [scrapy.middleware] INFO: Enabled spider middlewares:
['scrapy.spidermiddlewares.httperror.HttpErrorMiddleware',
 'scrapy.spidermiddlewares.offsite.OffsiteMiddleware',
 'scrapy.spidermiddlewares.referer.RefererMiddleware',
 'scrapy.spidermiddlewares.urllength.UrlLengthMiddleware',
 'scrapy.spidermiddlewares.depth.DepthMiddleware']
2021-08-11 22:24:27 [scrapy.middleware] INFO: Enabled item pipelines:
[]
2021-08-11 22:24:27 [scrapy.core.engine] INFO: Spider opened
2021-08-11 22:24:27 [scrapy.extensions.logstats] INFO: Crawled 0 pages (at 0 pages/min), scraped 0 items (at 0 items/min)
2021-08-11 22:24:27 [scrapy.extensions.httpcache] DEBUG: Using filesystem cache storage in /Users/jianhuang/opt/anaconda3/envs/Data26/Data26/WebScraping/PGPaniniSpider/.scrapy/httpcache
2021-08-11 22:24:27 [scrapy.extensions.telnet] INFO: Telnet console listening on 127.0.0.1:6023
2021-08-11 22:24:34 [scrapy.core.engine] DEBUG: Crawled (200) <GET https://www.paniniamerica.net/blockchain/public-auctions/public-auctions/public-auctions.html?sortBy=new&p=1> (referer: None)
2021-08-11 22:24:34 [scrapy.core.engine] INFO: Closing spider (finished)
2021-08-11 22:24:34 [scrapy.statscollectors] INFO: Dumping Scrapy stats:
{'downloader/response_bytes': 8906,
 'downloader/response_count': 1,
 'downloader/response_status_count/200': 1,
 'elapsed_time_seconds': 6.644405,
 'finish_reason': 'finished',
 'finish_time': datetime.datetime(2021, 8, 12, 2, 24, 34, 437196),
 'httpcache/firsthand': 1,
 'httpcache/store': 1,
 'log_count/DEBUG': 3,
 'log_count/INFO': 10,
 'memusage/max': 105480192,
 'memusage/startup': 105476096,
 'response_received_count': 1,
 'scheduler/dequeued': 1,
 'scheduler/dequeued/memory': 1,
 'scheduler/enqueued': 1,
 'scheduler/enqueued/memory': 1,
 'start_time': datetime.datetime(2021, 8, 12, 2, 24, 27, 792791)}
2021-08-11 22:24:34 [scrapy.core.engine] INFO: Spider closed (finished)
2021-08-11 22:25:14 [scrapy.utils.log] INFO: Scrapy 2.5.0 started (bot: PGPaniniSpider)
2021-08-11 22:25:14 [scrapy.utils.log] INFO: Versions: lxml 4.6.3.0, libxml2 2.9.10, cssselect 1.1.0, parsel 1.6.0, w3lib 1.22.0, Twisted 21.7.0, Python 3.7.10 | packaged by conda-forge | (default, Feb 19 2021, 15:59:12) - [Clang 11.0.1 ], pyOpenSSL 20.0.1 (OpenSSL 1.1.1k  25 Mar 2021), cryptography 3.4.7, Platform Darwin-20.6.0-x86_64-i386-64bit
2021-08-11 22:25:14 [scrapy.utils.log] DEBUG: Using reactor: twisted.internet.selectreactor.SelectReactor
2021-08-11 22:25:14 [scrapy.crawler] INFO: Overridden settings:
{'BOT_NAME': 'PGPaniniSpider',
 'COMPRESSION_ENABLED': False,
 'CONCURRENT_REQUESTS_PER_DOMAIN': 1,
 'COOKIES_ENABLED': False,
 'DOWNLOAD_DELAY': 3,
 'HTTPCACHE_ENABLED': True,
 'LOG_FILE': 'scrapy.log',
 'NEWSPIDER_MODULE': 'PGPaniniSpider.spiders',
 'SPIDER_MODULES': ['PGPaniniSpider.spiders']}
2021-08-11 22:25:14 [scrapy.extensions.telnet] INFO: Telnet Password: 4fa4e5f8da519765
2021-08-11 22:25:14 [scrapy.middleware] INFO: Enabled extensions:
['scrapy.extensions.corestats.CoreStats',
 'scrapy.extensions.telnet.TelnetConsole',
 'scrapy.extensions.memusage.MemoryUsage',
 'scrapy.extensions.logstats.LogStats']
2021-08-11 22:25:14 [asyncio] DEBUG: Using selector: KqueueSelector
2021-08-11 22:25:14 [scrapy.middleware] INFO: Enabled downloader middlewares:
['scrapy.downloadermiddlewares.httpauth.HttpAuthMiddleware',
 'scrapy.downloadermiddlewares.downloadtimeout.DownloadTimeoutMiddleware',
 'scrapy.downloadermiddlewares.defaultheaders.DefaultHeadersMiddleware',
 'scrapy.downloadermiddlewares.useragent.UserAgentMiddleware',
 'scrapy.downloadermiddlewares.retry.RetryMiddleware',
 'scrapy.downloadermiddlewares.redirect.MetaRefreshMiddleware',
 'scrapy.downloadermiddlewares.redirect.RedirectMiddleware',
 'PGPaniniSpider.middlewares.PyppeteerDownloaderMiddleware',
 'scrapy.downloadermiddlewares.httpproxy.HttpProxyMiddleware',
 'scrapy.downloadermiddlewares.stats.DownloaderStats',
 'scrapy.downloadermiddlewares.httpcache.HttpCacheMiddleware']
2021-08-11 22:25:14 [scrapy.middleware] INFO: Enabled spider middlewares:
['scrapy.spidermiddlewares.httperror.HttpErrorMiddleware',
 'scrapy.spidermiddlewares.offsite.OffsiteMiddleware',
 'scrapy.spidermiddlewares.referer.RefererMiddleware',
 'scrapy.spidermiddlewares.urllength.UrlLengthMiddleware',
 'scrapy.spidermiddlewares.depth.DepthMiddleware']
2021-08-11 22:25:14 [scrapy.middleware] INFO: Enabled item pipelines:
[]
2021-08-11 22:25:14 [scrapy.core.engine] INFO: Spider opened
2021-08-11 22:25:14 [scrapy.extensions.logstats] INFO: Crawled 0 pages (at 0 pages/min), scraped 0 items (at 0 items/min)
2021-08-11 22:25:14 [scrapy.extensions.httpcache] DEBUG: Using filesystem cache storage in /Users/jianhuang/opt/anaconda3/envs/Data26/Data26/WebScraping/PGPaniniSpider/.scrapy/httpcache
2021-08-11 22:25:14 [scrapy.extensions.telnet] INFO: Telnet console listening on 127.0.0.1:6023
2021-08-11 22:27:16 [scrapy.core.engine] DEBUG: Crawled (200) <GET https://www.paniniamerica.net/blockchain/public-auctions/public-auctions/public-auctions.html?sortBy=new&p=1> (referer: None) ['cached']
2021-08-11 22:27:16 [scrapy.extensions.logstats] INFO: Crawled 1 pages (at 1 pages/min), scraped 0 items (at 0 items/min)
2021-08-11 22:27:17 [scrapy.core.scraper] ERROR: Spider error processing <GET https://www.paniniamerica.net/blockchain/public-auctions/public-auctions/public-auctions.html?sortBy=new&p=1> (referer: None)
Traceback (most recent call last):
  File "/Users/jianhuang/opt/anaconda3/envs/Data26/lib/python3.7/site-packages/twisted/internet/defer.py", line 859, in _runCallbacks
    current.result, *args, **kwargs
  File "/Users/jianhuang/opt/anaconda3/envs/Data26/Data26/WebScraping/PGPaniniSpider/PGPaniniSpider/spiders/pgpaninispider.py", line 63, in pg_parser
    print(new_response.text)
  File "/Users/jianhuang/opt/anaconda3/envs/Data26/lib/python3.7/site-packages/scrapy/http/response/__init__.py", line 120, in text
    raise AttributeError("Response content isn't text")
AttributeError: Response content isn't text
2021-08-11 22:27:17 [scrapy.core.engine] INFO: Closing spider (finished)
2021-08-11 22:27:17 [scrapy.statscollectors] INFO: Dumping Scrapy stats:
{'downloader/request_bytes': 267,
 'downloader/request_count': 1,
 'downloader/request_method_count/GET': 1,
 'downloader/response_bytes': 8870,
 'downloader/response_count': 1,
 'downloader/response_status_count/200': 1,
 'elapsed_time_seconds': 122.483534,
 'finish_reason': 'finished',
 'finish_time': datetime.datetime(2021, 8, 12, 2, 27, 17, 192906),
 'httpcache/hit': 1,
 'log_count/DEBUG': 3,
 'log_count/ERROR': 1,
 'log_count/INFO': 11,
 'memusage/max': 106672128,
 'memusage/startup': 105578496,
 'response_received_count': 1,
 'scheduler/dequeued': 1,
 'scheduler/dequeued/memory': 1,
 'scheduler/enqueued': 1,
 'scheduler/enqueued/memory': 1,
 'spider_exceptions/AttributeError': 1,
 'start_time': datetime.datetime(2021, 8, 12, 2, 25, 14, 709372)}
2021-08-11 22:27:17 [scrapy.core.engine] INFO: Spider closed (finished)
2021-08-11 22:30:30 [scrapy.utils.log] INFO: Scrapy 2.5.0 started (bot: PGPaniniSpider)
2021-08-11 22:30:30 [scrapy.utils.log] INFO: Versions: lxml 4.6.3.0, libxml2 2.9.10, cssselect 1.1.0, parsel 1.6.0, w3lib 1.22.0, Twisted 21.7.0, Python 3.7.10 | packaged by conda-forge | (default, Feb 19 2021, 15:59:12) - [Clang 11.0.1 ], pyOpenSSL 20.0.1 (OpenSSL 1.1.1k  25 Mar 2021), cryptography 3.4.7, Platform Darwin-20.6.0-x86_64-i386-64bit
2021-08-11 22:30:30 [scrapy.utils.log] DEBUG: Using reactor: twisted.internet.selectreactor.SelectReactor
2021-08-11 22:30:30 [scrapy.crawler] INFO: Overridden settings:
{'BOT_NAME': 'PGPaniniSpider',
 'COMPRESSION_ENABLED': False,
 'CONCURRENT_REQUESTS_PER_DOMAIN': 1,
 'COOKIES_ENABLED': False,
 'DOWNLOAD_DELAY': 3,
 'HTTPCACHE_ENABLED': True,
 'LOG_FILE': 'scrapy.log',
 'NEWSPIDER_MODULE': 'PGPaniniSpider.spiders',
 'SPIDER_MODULES': ['PGPaniniSpider.spiders']}
2021-08-11 22:30:30 [scrapy.extensions.telnet] INFO: Telnet Password: 34b201f1f1e5fe8c
2021-08-11 22:30:30 [scrapy.middleware] INFO: Enabled extensions:
['scrapy.extensions.corestats.CoreStats',
 'scrapy.extensions.telnet.TelnetConsole',
 'scrapy.extensions.memusage.MemoryUsage',
 'scrapy.extensions.logstats.LogStats']
2021-08-11 22:30:30 [asyncio] DEBUG: Using selector: KqueueSelector
2021-08-11 22:30:30 [scrapy.middleware] INFO: Enabled downloader middlewares:
['scrapy.downloadermiddlewares.httpauth.HttpAuthMiddleware',
 'scrapy.downloadermiddlewares.downloadtimeout.DownloadTimeoutMiddleware',
 'scrapy.downloadermiddlewares.defaultheaders.DefaultHeadersMiddleware',
 'scrapy.downloadermiddlewares.useragent.UserAgentMiddleware',
 'scrapy.downloadermiddlewares.retry.RetryMiddleware',
 'scrapy.downloadermiddlewares.redirect.MetaRefreshMiddleware',
 'scrapy.downloadermiddlewares.redirect.RedirectMiddleware',
 'PGPaniniSpider.middlewares.PyppeteerDownloaderMiddleware',
 'scrapy.downloadermiddlewares.httpproxy.HttpProxyMiddleware',
 'scrapy.downloadermiddlewares.stats.DownloaderStats',
 'scrapy.downloadermiddlewares.httpcache.HttpCacheMiddleware']
2021-08-11 22:30:30 [scrapy.middleware] INFO: Enabled spider middlewares:
['scrapy.spidermiddlewares.httperror.HttpErrorMiddleware',
 'scrapy.spidermiddlewares.offsite.OffsiteMiddleware',
 'scrapy.spidermiddlewares.referer.RefererMiddleware',
 'scrapy.spidermiddlewares.urllength.UrlLengthMiddleware',
 'scrapy.spidermiddlewares.depth.DepthMiddleware']
2021-08-11 22:30:30 [scrapy.middleware] INFO: Enabled item pipelines:
[]
2021-08-11 22:30:30 [scrapy.core.engine] INFO: Spider opened
2021-08-11 22:30:30 [scrapy.extensions.logstats] INFO: Crawled 0 pages (at 0 pages/min), scraped 0 items (at 0 items/min)
2021-08-11 22:30:30 [scrapy.extensions.httpcache] DEBUG: Using filesystem cache storage in /Users/jianhuang/opt/anaconda3/envs/Data26/Data26/WebScraping/PGPaniniSpider/.scrapy/httpcache
2021-08-11 22:30:30 [scrapy.extensions.telnet] INFO: Telnet console listening on 127.0.0.1:6023
2021-08-11 22:30:40 [scrapy.core.engine] DEBUG: Crawled (200) <GET https://www.paniniamerica.net/blockchain/public-auctions/public-auctions/public-auctions.html?sortBy=new&p=1> (referer: None)
2021-08-11 22:30:40 [scrapy.core.engine] INFO: Closing spider (finished)
2021-08-11 22:30:40 [scrapy.statscollectors] INFO: Dumping Scrapy stats:
{'downloader/response_bytes': 1249139,
 'downloader/response_count': 1,
 'downloader/response_status_count/200': 1,
 'elapsed_time_seconds': 10.160411,
 'finish_reason': 'finished',
 'finish_time': datetime.datetime(2021, 8, 12, 2, 30, 40, 988566),
 'httpcache/firsthand': 1,
 'httpcache/store': 1,
 'log_count/DEBUG': 3,
 'log_count/INFO': 10,
 'memusage/max': 105480192,
 'memusage/startup': 105480192,
 'response_received_count': 1,
 'scheduler/dequeued': 1,
 'scheduler/dequeued/memory': 1,
 'scheduler/enqueued': 1,
 'scheduler/enqueued/memory': 1,
 'start_time': datetime.datetime(2021, 8, 12, 2, 30, 30, 828155)}
2021-08-11 22:30:40 [scrapy.core.engine] INFO: Spider closed (finished)
2021-08-11 22:53:51 [scrapy.utils.log] INFO: Scrapy 2.5.0 started (bot: PGPaniniSpider)
2021-08-11 22:53:51 [scrapy.utils.log] INFO: Versions: lxml 4.6.3.0, libxml2 2.9.10, cssselect 1.1.0, parsel 1.6.0, w3lib 1.22.0, Twisted 21.7.0, Python 3.7.10 | packaged by conda-forge | (default, Feb 19 2021, 15:59:12) - [Clang 11.0.1 ], pyOpenSSL 20.0.1 (OpenSSL 1.1.1k  25 Mar 2021), cryptography 3.4.7, Platform Darwin-20.6.0-x86_64-i386-64bit
2021-08-11 22:53:51 [scrapy.utils.log] DEBUG: Using reactor: twisted.internet.selectreactor.SelectReactor
2021-08-11 22:53:51 [scrapy.crawler] INFO: Overridden settings:
{'BOT_NAME': 'PGPaniniSpider',
 'COMPRESSION_ENABLED': False,
 'CONCURRENT_REQUESTS_PER_DOMAIN': 1,
 'COOKIES_ENABLED': False,
 'DOWNLOAD_DELAY': 3,
 'HTTPCACHE_ENABLED': True,
 'LOG_FILE': 'scrapy.log',
 'NEWSPIDER_MODULE': 'PGPaniniSpider.spiders',
 'SPIDER_MODULES': ['PGPaniniSpider.spiders']}
2021-08-11 22:53:51 [scrapy.extensions.telnet] INFO: Telnet Password: c386b8b49588b3fa
2021-08-11 22:53:51 [scrapy.middleware] INFO: Enabled extensions:
['scrapy.extensions.corestats.CoreStats',
 'scrapy.extensions.telnet.TelnetConsole',
 'scrapy.extensions.memusage.MemoryUsage',
 'scrapy.extensions.logstats.LogStats']
2021-08-11 22:53:51 [asyncio] DEBUG: Using selector: KqueueSelector
2021-08-11 22:53:51 [scrapy.middleware] INFO: Enabled downloader middlewares:
['scrapy.downloadermiddlewares.httpauth.HttpAuthMiddleware',
 'scrapy.downloadermiddlewares.downloadtimeout.DownloadTimeoutMiddleware',
 'scrapy.downloadermiddlewares.defaultheaders.DefaultHeadersMiddleware',
 'scrapy.downloadermiddlewares.useragent.UserAgentMiddleware',
 'scrapy.downloadermiddlewares.retry.RetryMiddleware',
 'scrapy.downloadermiddlewares.redirect.MetaRefreshMiddleware',
 'scrapy.downloadermiddlewares.redirect.RedirectMiddleware',
 'PGPaniniSpider.middlewares.PyppeteerDownloaderMiddleware',
 'scrapy.downloadermiddlewares.httpproxy.HttpProxyMiddleware',
 'scrapy.downloadermiddlewares.stats.DownloaderStats',
 'scrapy.downloadermiddlewares.httpcache.HttpCacheMiddleware']
2021-08-11 22:53:51 [scrapy.middleware] INFO: Enabled spider middlewares:
['scrapy.spidermiddlewares.httperror.HttpErrorMiddleware',
 'scrapy.spidermiddlewares.offsite.OffsiteMiddleware',
 'scrapy.spidermiddlewares.referer.RefererMiddleware',
 'scrapy.spidermiddlewares.urllength.UrlLengthMiddleware',
 'scrapy.spidermiddlewares.depth.DepthMiddleware']
2021-08-11 22:53:51 [scrapy.middleware] INFO: Enabled item pipelines:
[]
2021-08-11 22:53:51 [scrapy.core.engine] INFO: Spider opened
2021-08-11 22:53:51 [scrapy.extensions.logstats] INFO: Crawled 0 pages (at 0 pages/min), scraped 0 items (at 0 items/min)
2021-08-11 22:53:51 [scrapy.extensions.httpcache] DEBUG: Using filesystem cache storage in /Users/jianhuang/opt/anaconda3/envs/Data26/Data26/WebScraping/PGPaniniSpider/.scrapy/httpcache
2021-08-11 22:53:51 [scrapy.extensions.telnet] INFO: Telnet console listening on 127.0.0.1:6023
2021-08-11 22:53:59 [scrapy.core.engine] DEBUG: Crawled (200) <GET https://www.paniniamerica.net/blockchain/public-auctions/public-auctions/public-auctions.html?sortBy=end_time&p=7&sport=Football> (referer: None)
2021-08-11 22:53:59 [scrapy.core.engine] INFO: Closing spider (finished)
2021-08-11 22:53:59 [scrapy.statscollectors] INFO: Dumping Scrapy stats:
{'downloader/response_bytes': 1249838,
 'downloader/response_count': 1,
 'downloader/response_status_count/200': 1,
 'elapsed_time_seconds': 7.413441,
 'finish_reason': 'finished',
 'finish_time': datetime.datetime(2021, 8, 12, 2, 53, 59, 293008),
 'httpcache/firsthand': 1,
 'httpcache/store': 1,
 'log_count/DEBUG': 3,
 'log_count/INFO': 10,
 'memusage/max': 105451520,
 'memusage/startup': 105451520,
 'response_received_count': 1,
 'scheduler/dequeued': 1,
 'scheduler/dequeued/memory': 1,
 'scheduler/enqueued': 1,
 'scheduler/enqueued/memory': 1,
 'start_time': datetime.datetime(2021, 8, 12, 2, 53, 51, 879567)}
2021-08-11 22:53:59 [scrapy.core.engine] INFO: Spider closed (finished)
